<?xml version="1.0" encoding="UTF-8"?>
<!-- Generated by org.testng.reporters.JUnitXMLReporter -->
<testsuite ignored="0" hostname="Maniteja9101996" failures="1" tests="4" name="Test" time="0.138" errors="0" timestamp="2023-10-06T12:26:09 IST">
  <testcase classname="runFailesTCMethod2.ClassA" name="Testcase1" time="0.011"/>
  <testcase classname="runFailesTCMethod2.ClassA" name="Testcase2" time="0.013">
    <skipped/>
  </testcase> <!-- Testcase2 -->
  <testcase classname="runFailesTCMethod2.ClassA" name="Testcase2" time="0.001">
    <skipped/>
  </testcase> <!-- Testcase2 -->
  <testcase classname="runFailesTCMethod2.ClassA" name="Testcase2" time="0.002">
    <failure type="java.lang.AssertionError" message="expected [true] but found [false]">
      <![CDATA[java.lang.AssertionError: expected [true] but found [false]
at runFailesTCMethod2.ClassA.Testcase2(ClassA.java:16)
at java.base/java.util.ArrayList.forEach(ArrayList.java:1511)
... Removed 31 stack frames]]>
    </failure>
  </testcase> <!-- Testcase2 -->
</testsuite> <!-- Test -->
