<?xml version="1.0" encoding="UTF-8"?>
<!-- Generated by org.testng.reporters.JUnitXMLReporter -->
<testsuite ignored="0" hostname="Maniteja9101996" failures="1" tests="4" name="Test" time="0.158" errors="0" timestamp="2023-10-30T16:32:56 IST">
  <testcase classname="com.tests.TestClass1" name="testCase1" time="0.025"/>
  <testcase classname="com.tests.TestClass1" name="testCase2" time="0.01"/>
  <testcase classname="com.tests.TestClass1" name="testCase3" time="0.011"/>
  <testcase classname="com.tests.TestClass2" name="wordPressTest" time="0.031">
    <failure type="java.lang.NullPointerException" message="Cannot invoke &amp;quot;org.openqa.selenium.WebDriver.findElement(org.openqa.selenium.By)&amp;quot; because &amp;quot;driver&amp;quot; is null">
      <![CDATA[java.lang.NullPointerException: Cannot invoke "org.openqa.selenium.WebDriver.findElement(org.openqa.selenium.By)" because "driver" is null
at com.tests.TestClass2.wordPressTest(TestClass2.java:18)
at java.base/java.util.ArrayList.forEach(ArrayList.java:1511)
... Removed 27 stack frames]]>
    </failure>
  </testcase> <!-- wordPressTest -->
</testsuite> <!-- Test -->
