<?xml version="1.0" encoding="UTF-8"?>
<!-- Generated by org.testng.reporters.JUnitXMLReporter -->
<testsuite ignored="0" hostname="Maniteja9101996" failures="3" tests="4" name="Test" time="16.496" errors="0" timestamp="2023-10-25T16:35:20 IST">
  <testcase classname="com.testPackage.TestClass" name="testCase3" time="5.47"/>
  <testcase classname="com.testPackage.TestClass" name="testCase4" time="3.353">
    <failure type="java.lang.AssertionError" message="expected [true] but found [false]">
      <![CDATA[java.lang.AssertionError: expected [true] but found [false]
at com.testPackage.TestClass.testCase4(TestClass.java:20)
at java.base/java.util.ArrayList.forEach(ArrayList.java:1511)
... Removed 31 stack frames]]>
    </failure>
  </testcase> <!-- testCase4 -->
  <testcase classname="com.testPackage.ScreenShotTest" name="testCase1" time="3.557">
    <failure type="java.lang.AssertionError" message="expected [true] but found [false]">
      <![CDATA[java.lang.AssertionError: expected [true] but found [false]
at com.testPackage.ScreenShotTest.testCase1(ScreenShotTest.java:16)
at java.base/java.util.ArrayList.forEach(ArrayList.java:1511)
... Removed 31 stack frames]]>
    </failure>
  </testcase> <!-- testCase1 -->
  <testcase classname="com.testPackage.ScreenShotTest" name="testCase2" time="2.792">
    <failure type="java.lang.AssertionError" message="expected [true] but found [false]">
      <![CDATA[java.lang.AssertionError: expected [true] but found [false]
at com.testPackage.ScreenShotTest.testCase2(ScreenShotTest.java:21)
at java.base/java.util.ArrayList.forEach(ArrayList.java:1511)
... Removed 31 stack frames]]>
    </failure>
  </testcase> <!-- testCase2 -->
</testsuite> <!-- Test -->
