<?xml version="1.0" encoding="UTF-8"?>
<!-- Generated by org.testng.reporters.JUnitXMLReporter -->
<testsuite ignored="0" hostname="Maniteja9101996" failures="2" tests="2" name="Test(failed)" time="0.172" errors="0" timestamp="2023-10-06T11:58:27 IST">
  <testcase classname="runFailesTC.ClassA" name="Testcase2" time="0.045">
    <failure type="java.lang.AssertionError" message="expected [true] but found [false]">
      <![CDATA[java.lang.AssertionError: expected [true] but found [false]
at runFailesTC.ClassA.Testcase2(ClassA.java:16)
at java.base/java.util.ArrayList.forEach(ArrayList.java:1511)
... Removed 31 stack frames]]>
    </failure>
  </testcase> <!-- Testcase2 -->
  <testcase classname="runFailesTC.ClassA" name="Testcase1" time="0.001">
    <failure type="java.lang.AssertionError" message="expected [true] but found [false]">
      <![CDATA[java.lang.AssertionError: expected [true] but found [false]
at runFailesTC.ClassA.Testcase1(ClassA.java:10)
at java.base/java.util.ArrayList.forEach(ArrayList.java:1511)
... Removed 31 stack frames]]>
    </failure>
  </testcase> <!-- Testcase1 -->
</testsuite> <!-- Test(failed) -->
