<?xml version="1.0" encoding="UTF-8"?>
<!-- Generated by org.testng.reporters.JUnitXMLReporter -->
<testsuite ignored="0" hostname="Maniteja9101996" failures="1" tests="6" name="SmokeTest" time="0.141" errors="0" timestamp="2023-10-06T13:46:49 IST">
  <testcase classname="ListenerTestNG.TestClass" name="TestCase1" time="0.021"/>
  <testcase classname="ListenerTestNG.TestClass" name="TestCase2" time="0.002"/>
  <testcase classname="ListenerTestNG.TestClass" name="TestCase3" time="0.02">
    <failure type="java.lang.AssertionError" message="expected [true] but found [false]">
      <![CDATA[java.lang.AssertionError: expected [true] but found [false]
at ListenerTestNG.TestClass.TestCase3(TestClass.java:23)
at java.base/java.util.ArrayList.forEach(ArrayList.java:1511)
... Removed 31 stack frames]]>
    </failure>
  </testcase> <!-- TestCase3 -->
  <testcase classname="ListenerTestNG.TestClass" name="TestCase4" time="0.001">
    <skipped/>
  </testcase> <!-- TestCase4 -->
  <testcase classname="ListenerTestNG.TestClass1" name="TestCase5" time="0.001"/>
  <testcase classname="ListenerTestNG.TestClass1" name="TestCase6" time="0.001"/>
</testsuite> <!-- SmokeTest -->
