<?xml version="1.0" encoding="UTF-8"?>
<testng-results ignored="0" total="1" passed="1" failed="0" skipped="0">
  <reporter-output>
  </reporter-output>
  <suite started-at="2023-11-25T13:16:53 IST" name="Default suite" finished-at="2023-11-25T13:17:09 IST" duration-ms="15881">
    <groups>
    </groups>
    <test started-at="2023-11-25T13:16:53 IST" name="Default test" finished-at="2023-11-25T13:17:09 IST" duration-ms="15881">
      <class name="com.test.WindowHandle3">
        <test-method signature="WindowHandle2()[pri:0, instance:com.test.WindowHandle3@6574a52c]" started-at="2023-11-25T13:16:53 IST" name="WindowHandle2" finished-at="2023-11-25T13:17:09 IST" duration-ms="15782" status="PASS">
          <reporter-output>
          </reporter-output>
        </test-method> <!-- WindowHandle2 -->
      </class> <!-- com.test.WindowHandle3 -->
    </test> <!-- Default test -->
  </suite> <!-- Default suite -->
</testng-results>
