<?xml version="1.0" encoding="UTF-8"?>
<!-- Generated by org.testng.reporters.JUnitXMLReporter -->
<testsuite ignored="0" hostname="Maniteja9101996" failures="0" tests="3" name="Default test" time="0.129" errors="0" timestamp="2023-10-14T15:01:54 IST">
  <testcase classname="com.TestMavenProject.TestClass1" name="testclass1" time="0.044"/>
  <testcase classname="com.TestMavenProject.TestClass1" name="testclass2" time="0.001"/>
  <testcase classname="com.TestMavenProject.TestClass1" name="testclass3" time="0.001"/>
</testsuite> <!-- Default test -->
