<?xml version="1.0" encoding="UTF-8"?>
<testng-results ignored="0" total="1" passed="1" failed="0" skipped="0">
  <reporter-output>
  </reporter-output>
  <suite started-at="2023-10-26T16:50:08 IST" name="Default suite" finished-at="2023-10-26T16:50:32 IST" duration-ms="23882">
    <groups>
    </groups>
    <test started-at="2023-10-26T16:50:08 IST" name="Default test" finished-at="2023-10-26T16:50:32 IST" duration-ms="23882">
      <class name="com.Test.ElementScreenshotbyAShotAPI">
        <test-method signature="ElementScreenshotbyAShotAPI()[pri:0, instance:com.Test.ElementScreenshotbyAShotAPI@273e7444]" started-at="2023-10-26T16:50:08 IST" name="ElementScreenshotbyAShotAPI" finished-at="2023-10-26T16:50:32 IST" duration-ms="23783" status="PASS">
          <reporter-output>
          </reporter-output>
        </test-method> <!-- ElementScreenshotbyAShotAPI -->
      </class> <!-- com.Test.ElementScreenshotbyAShotAPI -->
    </test> <!-- Default test -->
  </suite> <!-- Default suite -->
</testng-results>
